#
# A fatal error has been detected by the Java Runtime Environment:
#
#  SIGSEGV (0xb) at pc=0x000000010e432d20, pid=18344, tid=18691
#
# JRE version: Java(TM) SE Runtime Environment (8.0_40-b27) (build 1.8.0_40-b27)
# Java VM: Java HotSpot(TM) 64-Bit Server VM (25.40-b25 mixed mode bsd-amd64 compressed oops)
# Problematic frame:
# V  [libjvm.dylib+0x432d20]  Method::checked_resolve_jmethod_id(_jmethodID*)+0xe
#
# Failed to write core dump. Core dumps have been disabled. To enable core dumping, try "ulimit -c unlimited" before starting Java again
#
# If you would like to submit a bug report, please visit:
#   http://bugreport.java.com/bugreport/crash.jsp
#

---------------  T H R E A D  ---------------

Current thread (0x00007fb8ab02f000):  JavaThread "JDWP Transport Listener: dt_socket" daemon [_thread_in_vm, id=18691, stack(0x000000012529a000,0x000000012539a000)]

siginfo: si_signo: 11 (SIGSEGV), si_code: 0 (unknown), si_addr: 0x0000000000000000

Registers:
RAX=0x0000000000000001, RBX=0x0000000125399a8b, RCX=0x000000010e7fa190, RDX=0x0000000125399a8b
RSP=0x00000001253999d0, RBP=0x00000001253999e0, RSI=0x00007fb8ab02f000, RDI=0x7365542e65640002
R8 =0x00007fb8aaf19fd0, R9 =0x00007fb8aaf1d180, R10=0x00000000e3ccccfa, R11=0x0000000063a61bd6
R12=0x00007fb8ab02f000, R13=0x7365542e65640002, R14=0x7365542e65640002, R15=0x00007fb8aad02140
RIP=0x000000010e432d20, EFLAGS=0x0000000000010202, ERR=0x0000000000000000
  TRAPNO=0x000000000000000d

Top of Stack: (sp=0x00000001253999d0)
0x00000001253999d0:   0000000125399a8b 0000000125399a8b
0x00000001253999e0:   0000000125399a40 000000010e34311a
0x00000001253999f0:   00007fb8ab02f000 0000000000000000
0x0000000125399a00:   0000000000000000 0000000000000000
0x0000000125399a10:   00007fb8ab02f000 00007fb8ab02f000
0x0000000125399a20:   0000000125399a8b 0000000125399a90
0x0000000125399a30:   7365542e65640002 0000000000000002
0x0000000125399a40:   0000000125399a60 000000010d798780
0x0000000125399a50:   0000000000000001 0000000125399b08
0x0000000125399a60:   0000000125399ad0 000000010d77d1f3
0x0000000125399a70:   0000000125399aa0 00007fb8aaf1d720
0x0000000125399a80:   0000000300000032 0000000900399b08
0x0000000125399a90:   0000000000000000 0000000000000000
0x0000000125399aa0:   0000000000000000 0000000125399c90
0x0000000125399ab0:   000000010d79fe7a 00007fb8aac34060
0x0000000125399ac0:   0000000125399b08 000000010d7ab598
0x0000000125399ad0:   0000000125399ae0 000000010d77d2ec
0x0000000125399ae0:   0000000125399d00 000000010d786898
0x0000000125399af0:   0000c94300000013 00000000000f0200
0x0000000125399b00:   00007fb8aac28880 0000000125399bcf
0x0000000125399b10:   00007fb8000000b5 0000000125399b20
0x0000000125399b20:   00007fb800000077 0000000125399b58
0x0000000125399b30:   0000000000000000 0000000000000000
0x0000000125399b40:   0000c9430000000f 0000000000000080
0x0000000125399b50:   0000000125399b58 b87f000003000000
0x0000000125399b60:   0d00000070d8f1aa 6d246164626d616c
0x0000000125399b70:   00000030246e6961 6a2f67726f4c281c
0x0000000125399b80:   646f6e2f70756f73 656d656c452f7365
0x0000000125399b90:   00000056293b746e 7f00000a1000f000
0x0000000125399ba0:   0000004853d2aab8 0000006e69616d04
0x0000000125399bb0:   6176616a4c5b2816 74532f676e616c2f
0x0000000125399bc0:   0056293b676e6972 0009000000000000 

Instructions: (pc=0x000000010e432d20)
0x000000010e432d00:   40 48 48 85 c0 75 e0 30 c0 0f b6 c0 5d c3 31 c0
0x000000010e432d10:   5d c3 55 48 89 e5 53 48 83 ec 08 48 85 ff 74 24
0x000000010e432d20:   48 8b 1f 48 85 db 74 1c 48 83 fb 37 74 16 48 8b
0x000000010e432d30:   03 48 89 df ff 50 10 84 c0 b8 00 00 00 00 48 0f 

Register to memory mapping:

RAX=0x0000000000000001 is an unknown value
RBX=0x0000000125399a8b is pointing into the stack for thread: 0x00007fb8ab02f000
RCX=0x000000010e7fa190: UseMembar+0 in /Library/Java/JavaVirtualMachines/jdk1.8.0_40.jdk/Contents/Home/jre/lib/server/libjvm.dylib at 0x000000010e000000
RDX=0x0000000125399a8b is pointing into the stack for thread: 0x00007fb8ab02f000
RSP=0x00000001253999d0 is pointing into the stack for thread: 0x00007fb8ab02f000
RBP=0x00000001253999e0 is pointing into the stack for thread: 0x00007fb8ab02f000
RSI=0x00007fb8ab02f000 is a thread
RDI=0x7365542e65640002 is an unknown value
R8 =0x00007fb8aaf19fd0 is an unknown value
R9 =0x00007fb8aaf1d180 is an unknown value
R10=0x00000000e3ccccfa is an unknown value
R11=0x0000000063a61bd6 is an unknown value
R12=0x00007fb8ab02f000 is a thread
R13=0x7365542e65640002 is an unknown value
R14=0x7365542e65640002 is an unknown value
R15=0x00007fb8aad02140 is an unknown value


Stack: [0x000000012529a000,0x000000012539a000],  sp=0x00000001253999d0,  free space=1022k
Native frames: (J=compiled Java code, j=interpreted, Vv=VM code, C=native code)
V  [libjvm.dylib+0x432d20]  Method::checked_resolve_jmethod_id(_jmethodID*)+0xe
V  [libjvm.dylib+0x34311a]  jvmti_IsMethodSynthetic+0xb2
C  [libjdwp.dylib+0x20780]  isMethodSynthetic+0x63
C  [libjdwp.dylib+0x51f3]  methods1+0x10b
C  [libjdwp.dylib+0x52ec]  methodsWithGeneric+0xe
C  [libjdwp.dylib+0xe898]  debugLoop_run+0x1ce
C  [libjdwp.dylib+0x1f6ba]  attachThread+0x4d
V  [libjvm.dylib+0x384060]  JvmtiAgentThread::call_start_function()+0x38
V  [libjvm.dylib+0x549acf]  JavaThread::thread_main_inner()+0x9b
V  [libjvm.dylib+0x54b1c0]  JavaThread::run()+0x1c2
V  [libjvm.dylib+0x46ea8e]  java_start(Thread*)+0xf6
C  [libsystem_pthread.dylib+0x1899]  _pthread_body+0x8a
C  [libsystem_pthread.dylib+0x172a]  _pthread_struct_init+0x0
C  [libsystem_pthread.dylib+0x5fc9]  thread_start+0xd
C  0x0000000000000000


---------------  P R O C E S S  ---------------

Java Threads: ( => current thread )
  0x00007fb8ab823800 JavaThread "Service Thread" daemon [_thread_blocked, id=21763, stack(0x00000001258ac000,0x00000001259ac000)]
  0x00007fb8ab824800 JavaThread "C1 CompilerThread2" daemon [_thread_blocked, id=21251, stack(0x00000001257a9000,0x00000001258a9000)]
  0x00007fb8ab00c000 JavaThread "C2 CompilerThread1" daemon [_thread_blocked, id=20739, stack(0x00000001256a6000,0x00000001257a6000)]
  0x00007fb8ac01e800 JavaThread "C2 CompilerThread0" daemon [_thread_blocked, id=20227, stack(0x00000001255a3000,0x00000001256a3000)]
  0x00007fb8ab030800 JavaThread "JDWP Command Reader" daemon [_thread_in_native, id=19715, stack(0x00000001254a0000,0x00000001255a0000)]
  0x00007fb8ab02f800 JavaThread "JDWP Event Helper Thread" daemon [_thread_blocked, id=19203, stack(0x000000012539d000,0x000000012549d000)]
=>0x00007fb8ab02f000 JavaThread "JDWP Transport Listener: dt_socket" daemon [_thread_in_vm, id=18691, stack(0x000000012529a000,0x000000012539a000)]
  0x00007fb8ab808000 JavaThread "Signal Dispatcher" daemon [_thread_blocked, id=18179, stack(0x0000000125190000,0x0000000125290000)]
  0x00007fb8ac013800 JavaThread "Finalizer" daemon [_thread_blocked, id=13059, stack(0x0000000124ebe000,0x0000000124fbe000)]
  0x00007fb8ac013000 JavaThread "Reference Handler" daemon [_thread_blocked, id=12547, stack(0x0000000124dbb000,0x0000000124ebb000)]
  0x00007fb8ab80b000 JavaThread "main" [_thread_blocked, id=6915, stack(0x000000010d632000,0x000000010d732000)]

Other Threads:
  0x00007fb8ac010000 VMThread [stack: 0x0000000124cb8000,0x0000000124db8000] [id=12035]
  0x00007fb8ab827000 WatcherThread [stack: 0x00000001259af000,0x0000000125aaf000] [id=22275]

VM state:not at safepoint (normal execution)

VM Mutex/Monitor currently owned by a thread: None

Heap:
 PSYoungGen      total 38400K, used 12109K [0x0000000795580000, 0x0000000798000000, 0x00000007c0000000)
  eden space 33280K, 36% used [0x0000000795580000,0x00000007961536c8,0x0000000797600000)
  from space 5120K, 0% used [0x0000000797b00000,0x0000000797b00000,0x0000000798000000)
  to   space 5120K, 0% used [0x0000000797600000,0x0000000797600000,0x0000000797b00000)
 ParOldGen       total 87552K, used 0K [0x0000000740000000, 0x0000000745580000, 0x0000000795580000)
  object space 87552K, 0% used [0x0000000740000000,0x0000000740000000,0x0000000745580000)
 Metaspace       used 4985K, capacity 5536K, committed 5760K, reserved 1056768K
  class space    used 556K, capacity 592K, committed 640K, reserved 1048576K

Card table byte_map: [0x000000011e329000,0x000000011e72a000] byte_map_base: 0x000000011a929000

Marking Bits: (ParMarkBitMap*) 0x000000010e8c27a0
 Begin Bits: [0x000000011ede1000, 0x0000000120de1000)
 End Bits:   [0x0000000120de1000, 0x0000000122de1000)

Polling page: 0x000000010d777000

CodeCache: size=245760Kb used=2532Kb max_used=2532Kb free=243227Kb
 bounds [0x000000010ef69000, 0x000000010f1e9000, 0x000000011df69000]
 total_blobs=680 nmethods=432 adapters=170
 compilation: enabled

Compilation events (10 events):
Event: 4.849 Thread 0x00007fb8ab824800  428       3       org.jsoup.nodes.Element::preserveWhitespace (54 bytes)
Event: 4.849 Thread 0x00007fb8ab824800 nmethod 428 0x000000010f1d5890 code [0x000000010f1d5a40, 0x000000010f1d6290]
Event: 4.849 Thread 0x00007fb8ab824800  429       3       java.util.LinkedHashMap$LinkedHashIterator::nextNode (54 bytes)
Event: 4.849 Thread 0x00007fb8ab824800 nmethod 429 0x000000010f1e0b50 code [0x000000010f1e0d00, 0x000000010f1e1038]
Event: 4.849 Thread 0x00007fb8ab824800  431       3       java.util.LinkedHashMap$LinkedEntryIterator::next (5 bytes)
Event: 4.850 Thread 0x00007fb8ab824800 nmethod 431 0x000000010f1e1210 code [0x000000010f1e1380, 0x000000010f1e1668]
Event: 4.850 Thread 0x00007fb8ab824800  432       3       java.util.LinkedHashMap$LinkedEntryIterator::next (5 bytes)
Event: 4.850 Thread 0x00007fb8ab824800 nmethod 432 0x000000010f1e1750 code [0x000000010f1e18c0, 0x000000010f1e1ac8]
Event: 4.850 Thread 0x00007fb8ab824800  430       3       org.jsoup.parser.Tag::valueOf (71 bytes)
Event: 4.851 Thread 0x00007fb8ab824800 nmethod 430 0x000000010f1e1b50 code [0x000000010f1e1de0, 0x000000010f1e2ec8]

GC Heap History (0 events):
No events

Deoptimization events (3 events):
Event: 0.201 Thread 0x00007fb8ab80b000 Uncommon trap: reason=unstable_if action=reinterpret pc=0x000000010f08910c method=java.lang.String.hashCode()I @ 14
Event: 0.271 Thread 0x00007fb8ab80b000 Uncommon trap: reason=unstable_if action=reinterpret pc=0x000000010f09995c method=java.lang.String.indexOf(II)I @ 49
Event: 1.009 Thread 0x00007fb8ab80b000 Uncommon trap: reason=unstable_if action=reinterpret pc=0x000000010f0e9060 method=java.lang.CharacterData.of(I)Ljava/lang/CharacterData; @ 4

Internal exceptions (10 events):
Event: 0.183 Thread 0x00007fb8ab80b000 Exception <a 'java/util/zip/ZipException'> (0x0000000795861098) thrown at [/Users/java_re/workspace/8-2-build-macosx-x86_64/jdk8u40/3153/hotspot/src/share/vm/prims/jni.cpp, line 709]
Event: 0.183 Thread 0x00007fb8ab80b000 Exception <a 'java/security/PrivilegedActionException'> (0x0000000795861248) thrown at [/Users/java_re/workspace/8-2-build-macosx-x86_64/jdk8u40/3153/hotspot/src/share/vm/prims/jvm.cpp, line 1382]
Event: 0.183 Thread 0x00007fb8ab80b000 Exception <a 'java/security/PrivilegedActionException'> (0x0000000795861400) thrown at [/Users/java_re/workspace/8-2-build-macosx-x86_64/jdk8u40/3153/hotspot/src/share/vm/prims/jvm.cpp, line 1382]
Event: 0.187 Thread 0x00007fb8ab80b000 Exception <a 'java/util/zip/ZipException'> (0x0000000795874190) thrown at [/Users/java_re/workspace/8-2-build-macosx-x86_64/jdk8u40/3153/hotspot/src/share/vm/prims/jni.cpp, line 709]
Event: 0.187 Thread 0x00007fb8ab80b000 Exception <a 'java/security/PrivilegedActionException'> (0x0000000795874340) thrown at [/Users/java_re/workspace/8-2-build-macosx-x86_64/jdk8u40/3153/hotspot/src/share/vm/prims/jvm.cpp, line 1382]
Event: 0.187 Thread 0x00007fb8ab80b000 Exception <a 'java/security/PrivilegedActionException'> (0x00000007958744f8) thrown at [/Users/java_re/workspace/8-2-build-macosx-x86_64/jdk8u40/3153/hotspot/src/share/vm/prims/jvm.cpp, line 1382]
Event: 0.700 Thread 0x00007fb8ab80b000 Exception <a 'java/security/PrivilegedActionException'> (0x0000000795c4b540) thrown at [/Users/java_re/workspace/8-2-build-macosx-x86_64/jdk8u40/3153/hotspot/src/share/vm/prims/jvm.cpp, line 1382]
Event: 0.700 Thread 0x00007fb8ab80b000 Exception <a 'java/security/PrivilegedActionException'> (0x0000000795c4b6f8) thrown at [/Users/java_re/workspace/8-2-build-macosx-x86_64/jdk8u40/3153/hotspot/src/share/vm/prims/jvm.cpp, line 1382]
Event: 0.700 Thread 0x00007fb8ab80b000 Exception <a 'java/security/PrivilegedActionException'> (0x0000000795c4ea78) thrown at [/Users/java_re/workspace/8-2-build-macosx-x86_64/jdk8u40/3153/hotspot/src/share/vm/prims/jvm.cpp, line 1382]
Event: 0.700 Thread 0x00007fb8ab80b000 Exception <a 'java/security/PrivilegedActionException'> (0x0000000795c4ec30) thrown at [/Users/java_re/workspace/8-2-build-macosx-x86_64/jdk8u40/3153/hotspot/src/share/vm/prims/jvm.cpp, line 1382]

Events (10 events):
Event: 49.710 Executing VM operation: ChangeBreakpoints
Event: 49.710 Executing VM operation: ChangeBreakpoints done
Event: 51.297 Executing VM operation: ChangeBreakpoints
Event: 51.297 Executing VM operation: ChangeBreakpoints done
Event: 52.631 Executing VM operation: ChangeBreakpoints
Event: 52.631 Executing VM operation: ChangeBreakpoints done
Event: 61.173 Executing VM operation: RedefineClasses
Event: 61.187 Executing VM operation: RedefineClasses done
Event: 290.333 Executing VM operation: RedefineClasses
Event: 290.344 Executing VM operation: RedefineClasses done


Dynamic libraries:
0x00000000022c6000 	/System/Library/Frameworks/Cocoa.framework/Versions/A/Cocoa
0x00000000022c6000 	/System/Library/Frameworks/Security.framework/Versions/A/Security
0x00000000022c6000 	/System/Library/Frameworks/ApplicationServices.framework/Versions/A/ApplicationServices
0x00000000022c6000 	/usr/lib/libz.1.dylib
0x00000000022c6000 	/usr/lib/libSystem.B.dylib
0x00000000022c6000 	/usr/lib/libobjc.A.dylib
0x00000000022c6000 	/System/Library/Frameworks/CoreFoundation.framework/Versions/A/CoreFoundation
0x00000000022c6000 	/System/Library/Frameworks/Foundation.framework/Versions/C/Foundation
0x00000000022c6000 	/System/Library/Frameworks/AppKit.framework/Versions/C/AppKit
0x00000000022c6000 	/System/Library/Frameworks/CoreData.framework/Versions/A/CoreData
0x00000000022c6000 	/System/Library/PrivateFrameworks/RemoteViewServices.framework/Versions/A/RemoteViewServices
0x00000000022c6000 	/System/Library/Frameworks/AudioToolbox.framework/Versions/A/AudioToolbox
0x00000000022c6000 	/System/Library/Frameworks/AudioUnit.framework/Versions/A/AudioUnit
0x00000000022c6000 	/System/Library/PrivateFrameworks/DataDetectorsCore.framework/Versions/A/DataDetectorsCore
0x00000000022c6000 	/System/Library/PrivateFrameworks/DesktopServicesPriv.framework/Versions/A/DesktopServicesPriv
0x00000000022c6000 	/System/Library/Frameworks/Carbon.framework/Versions/A/Frameworks/HIToolbox.framework/Versions/A/HIToolbox
0x00000000022c6000 	/System/Library/Frameworks/QuartzCore.framework/Versions/A/QuartzCore
0x00000000022c6000 	/System/Library/Frameworks/Carbon.framework/Versions/A/Frameworks/SpeechRecognition.framework/Versions/A/SpeechRecognition
0x00000000022c6000 	/usr/lib/libauto.dylib
0x00000000022c6000 	/usr/lib/libicucore.A.dylib
0x00000000022c6000 	/usr/lib/libxml2.2.dylib
0x00000000022c6000 	/System/Library/PrivateFrameworks/CoreUI.framework/Versions/A/CoreUI
0x00000000022c6000 	/System/Library/Frameworks/CoreAudio.framework/Versions/A/CoreAudio
0x00000000022c6000 	/System/Library/Frameworks/DiskArbitration.framework/Versions/A/DiskArbitration
0x00000000022c6000 	/usr/lib/liblangid.dylib
0x00000000022c6000 	/System/Library/PrivateFrameworks/MultitouchSupport.framework/Versions/A/MultitouchSupport
0x00000000022c6000 	/System/Library/Frameworks/IOKit.framework/Versions/A/IOKit
0x00000000022c6000 	/usr/lib/libDiagnosticMessagesClient.dylib
0x00000000022c6000 	/System/Library/Frameworks/CoreServices.framework/Versions/A/CoreServices
0x00000000022c6000 	/System/Library/PrivateFrameworks/PerformanceAnalysis.framework/Versions/A/PerformanceAnalysis
0x00000000022c6000 	/System/Library/PrivateFrameworks/GenerationalStorage.framework/Versions/A/GenerationalStorage
0x00000000022c6000 	/System/Library/Frameworks/OpenGL.framework/Versions/A/OpenGL
0x00000000022c6000 	/System/Library/PrivateFrameworks/Sharing.framework/Versions/A/Sharing
0x00000000022c6000 	/System/Library/Frameworks/ImageIO.framework/Versions/A/ImageIO
0x00000000022c6000 	/System/Library/Frameworks/CoreText.framework/Versions/A/CoreText
0x00000000022c6000 	/System/Library/Frameworks/CoreGraphics.framework/Versions/A/CoreGraphics
0x00000000022c6000 	/System/Library/PrivateFrameworks/Backup.framework/Versions/A/Backup
0x00000000022c6000 	/System/Library/Frameworks/CFNetwork.framework/Versions/A/CFNetwork
0x00000000022c6000 	/System/Library/Frameworks/SystemConfiguration.framework/Versions/A/SystemConfiguration
0x00000000022c6000 	/usr/lib/libCRFSuite.dylib
0x00000000022c6000 	/usr/lib/libc++.1.dylib
0x00000000022c6000 	/usr/lib/libc++abi.dylib
0x00000000022c6000 	/usr/lib/system/libcache.dylib
0x00000000022c6000 	/usr/lib/system/libcommonCrypto.dylib
0x00000000022c6000 	/usr/lib/system/libcompiler_rt.dylib
0x00000000022c6000 	/usr/lib/system/libcopyfile.dylib
0x00000000022c6000 	/usr/lib/system/libcorecrypto.dylib
0x00000000022c6000 	/usr/lib/system/libdispatch.dylib
0x00000000022c6000 	/usr/lib/system/libdyld.dylib
0x00000000022c6000 	/usr/lib/system/libkeymgr.dylib
0x00000000022c6000 	/usr/lib/system/liblaunch.dylib
0x00000000022c6000 	/usr/lib/system/libmacho.dylib
0x00000000022c6000 	/usr/lib/system/libquarantine.dylib
0x00000000022c6000 	/usr/lib/system/libremovefile.dylib
0x00000000022c6000 	/usr/lib/system/libsystem_asl.dylib
0x00000000022c6000 	/usr/lib/system/libsystem_blocks.dylib
0x00000000022c6000 	/usr/lib/system/libsystem_c.dylib
0x00000000022c6000 	/usr/lib/system/libsystem_configuration.dylib
0x00000000022c6000 	/usr/lib/system/libsystem_dnssd.dylib
0x00000000022c6000 	/usr/lib/system/libsystem_info.dylib
0x00000000022c6000 	/usr/lib/system/libsystem_kernel.dylib
0x00000000022c6000 	/usr/lib/system/libsystem_m.dylib
0x00000000022c6000 	/usr/lib/system/libsystem_malloc.dylib
0x00000000022c6000 	/usr/lib/system/libsystem_network.dylib
0x00000000022c6000 	/usr/lib/system/libsystem_notify.dylib
0x00000000022c6000 	/usr/lib/system/libsystem_platform.dylib
0x00000000022c6000 	/usr/lib/system/libsystem_pthread.dylib
0x00000000022c6000 	/usr/lib/system/libsystem_sandbox.dylib
0x00000000022c6000 	/usr/lib/system/libsystem_stats.dylib
0x00000000022c6000 	/usr/lib/system/libunc.dylib
0x00000000022c6000 	/usr/lib/system/libunwind.dylib
0x00000000022c6000 	/usr/lib/system/libxpc.dylib
0x00000000022c6000 	/usr/lib/libbsm.0.dylib
0x00000000022c6000 	/usr/lib/libsqlite3.dylib
0x00000000022c6000 	/usr/lib/libxar.1.dylib
0x00000000022c6000 	/usr/lib/libpam.2.dylib
0x00000000022c6000 	/usr/lib/libOpenScriptingUtil.dylib
0x00000000022c6000 	/usr/lib/libbz2.1.0.dylib
0x00000000022c6000 	/System/Library/Frameworks/CoreServices.framework/Versions/A/Frameworks/CarbonCore.framework/Versions/A/CarbonCore
0x00000000022c6000 	/System/Library/Frameworks/CoreServices.framework/Versions/A/Frameworks/Metadata.framework/Versions/A/Metadata
0x00000000022c6000 	/System/Library/Frameworks/CoreServices.framework/Versions/A/Frameworks/OSServices.framework/Versions/A/OSServices
0x00000000022c6000 	/System/Library/Frameworks/CoreServices.framework/Versions/A/Frameworks/SearchKit.framework/Versions/A/SearchKit
0x00000000022c6000 	/System/Library/Frameworks/CoreServices.framework/Versions/A/Frameworks/AE.framework/Versions/A/AE
0x00000000022c6000 	/System/Library/Frameworks/CoreServices.framework/Versions/A/Frameworks/LaunchServices.framework/Versions/A/LaunchServices
0x00000000022c6000 	/System/Library/Frameworks/CoreServices.framework/Versions/A/Frameworks/DictionaryServices.framework/Versions/A/DictionaryServices
0x00000000022c6000 	/System/Library/Frameworks/NetFS.framework/Versions/A/NetFS
0x00000000022c6000 	/usr/lib/system/libkxld.dylib
0x00000000022c6000 	/System/Library/PrivateFrameworks/NetAuth.framework/Versions/A/NetAuth
0x00000000022c6000 	/System/Library/PrivateFrameworks/TCC.framework/Versions/A/TCC
0x00000000022c6000 	/System/Library/Frameworks/OpenDirectory.framework/Versions/A/Frameworks/CFOpenDirectory.framework/Versions/A/CFOpenDirectory
0x00000000022c6000 	/System/Library/Frameworks/ServiceManagement.framework/Versions/A/ServiceManagement
0x00000000022c6000 	/usr/lib/libxslt.1.dylib
0x00000000022c6000 	/System/Library/Frameworks/Carbon.framework/Versions/A/Frameworks/Ink.framework/Versions/A/Ink
0x00000000022c6000 	/System/Library/Frameworks/ApplicationServices.framework/Versions/A/Frameworks/ATS.framework/Versions/A/ATS
0x00000000022c6000 	/System/Library/Frameworks/ApplicationServices.framework/Versions/A/Frameworks/ColorSync.framework/Versions/A/ColorSync
0x00000000022c6000 	/System/Library/Frameworks/ApplicationServices.framework/Versions/A/Frameworks/HIServices.framework/Versions/A/HIServices
0x00000000022c6000 	/System/Library/Frameworks/ApplicationServices.framework/Versions/A/Frameworks/LangAnalysis.framework/Versions/A/LangAnalysis
0x00000000022c6000 	/System/Library/Frameworks/ApplicationServices.framework/Versions/A/Frameworks/PrintCore.framework/Versions/A/PrintCore
0x00000000022c6000 	/System/Library/Frameworks/ApplicationServices.framework/Versions/A/Frameworks/QD.framework/Versions/A/QD
0x00000000022c6000 	/System/Library/Frameworks/ApplicationServices.framework/Versions/A/Frameworks/SpeechSynthesis.framework/Versions/A/SpeechSynthesis
0x00000000022c6000 	/System/Library/Frameworks/IOSurface.framework/Versions/A/IOSurface
0x00000000022c6000 	/System/Library/Frameworks/Accelerate.framework/Versions/A/Accelerate
0x00000000022c6000 	/System/Library/Frameworks/Accelerate.framework/Versions/A/Frameworks/vImage.framework/Versions/A/vImage
0x00000000022c6000 	/System/Library/Frameworks/Accelerate.framework/Versions/A/Frameworks/vecLib.framework/Versions/A/vecLib
0x00000000022c6000 	/System/Library/Frameworks/Accelerate.framework/Versions/A/Frameworks/vecLib.framework/Versions/A/libvDSP.dylib
0x00000000022c6000 	/System/Library/Frameworks/Accelerate.framework/Versions/A/Frameworks/vecLib.framework/Versions/A/libvMisc.dylib
0x00000000022c6000 	/System/Library/Frameworks/Accelerate.framework/Versions/A/Frameworks/vecLib.framework/Versions/A/libLAPACK.dylib
0x00000000022c6000 	/System/Library/Frameworks/Accelerate.framework/Versions/A/Frameworks/vecLib.framework/Versions/A/libBLAS.dylib
0x00000000022c6000 	/System/Library/Frameworks/ApplicationServices.framework/Versions/A/Frameworks/ATS.framework/Versions/A/Resources/libFontParser.dylib
0x00000000022c6000 	/System/Library/Frameworks/ApplicationServices.framework/Versions/A/Frameworks/ATS.framework/Versions/A/Resources/libFontRegistry.dylib
0x00000000022c6000 	/System/Library/Frameworks/ImageIO.framework/Versions/A/Resources/libJPEG.dylib
0x00000000022c6000 	/System/Library/Frameworks/ImageIO.framework/Versions/A/Resources/libTIFF.dylib
0x00000000022c6000 	/System/Library/Frameworks/ImageIO.framework/Versions/A/Resources/libPng.dylib
0x00000000022c6000 	/System/Library/Frameworks/ImageIO.framework/Versions/A/Resources/libGIF.dylib
0x00000000022c6000 	/System/Library/Frameworks/ImageIO.framework/Versions/A/Resources/libJP2.dylib
0x00000000022c6000 	/System/Library/Frameworks/ImageIO.framework/Versions/A/Resources/libRadiance.dylib
0x00000000022c6000 	/usr/lib/libcups.2.dylib
0x00000000022c6000 	/System/Library/Frameworks/Kerberos.framework/Versions/A/Kerberos
0x00000000022c6000 	/System/Library/Frameworks/GSS.framework/Versions/A/GSS
0x00000000022c6000 	/usr/lib/libresolv.9.dylib
0x00000000022c6000 	/usr/lib/libiconv.2.dylib
0x00000000022c6000 	/System/Library/PrivateFrameworks/Heimdal.framework/Versions/A/Heimdal
0x00000000022c6000 	/System/Library/PrivateFrameworks/TrustEvaluationAgent.framework/Versions/A/TrustEvaluationAgent
0x00000000022c6000 	/usr/lib/libheimdal-asn1.dylib
0x00000000022c6000 	/System/Library/Frameworks/OpenDirectory.framework/Versions/A/OpenDirectory
0x00000000022c6000 	/System/Library/PrivateFrameworks/CommonAuth.framework/Versions/A/CommonAuth
0x00000000022c6000 	/System/Library/Frameworks/SecurityFoundation.framework/Versions/A/SecurityFoundation
0x00000000022c6000 	/System/Library/PrivateFrameworks/Bom.framework/Versions/A/Bom
0x00000000022c6000 	/System/Library/Frameworks/CoreVideo.framework/Versions/A/CoreVideo
0x00000000022c6000 	/System/Library/Frameworks/QuartzCore.framework/Versions/A/Frameworks/CoreImage.framework/Versions/A/CoreImage
0x00000000022c6000 	/System/Library/Frameworks/QuartzCore.framework/Versions/A/Frameworks/ScalableUserInterface.framework/Versions/A/ScalableUserInterface
0x00000000022c6000 	/System/Library/Frameworks/OpenGL.framework/Versions/A/Libraries/libGLU.dylib
0x00000000022c6000 	/System/Library/Frameworks/OpenGL.framework/Versions/A/Libraries/libGFXShared.dylib
0x00000000022c6000 	/System/Library/Frameworks/OpenGL.framework/Versions/A/Libraries/libGL.dylib
0x00000000022c6000 	/System/Library/Frameworks/OpenGL.framework/Versions/A/Libraries/libGLImage.dylib
0x00000000022c6000 	/System/Library/Frameworks/OpenGL.framework/Versions/A/Libraries/libCVMSPluginSupport.dylib
0x00000000022c6000 	/System/Library/Frameworks/OpenGL.framework/Versions/A/Libraries/libCoreVMClient.dylib
0x00000000022c6000 	/System/Library/PrivateFrameworks/FaceCore.framework/Versions/A/FaceCore
0x00000000022c6000 	/System/Library/PrivateFrameworks/CrashReporterSupport.framework/Versions/A/CrashReporterSupport
0x00000000022c6000 	/System/Library/Frameworks/OpenCL.framework/Versions/A/OpenCL
0x00000000022c6000 	/System/Library/PrivateFrameworks/AppleFSCompression.framework/Versions/A/AppleFSCompression
0x00000000022c6000 	/System/Library/PrivateFrameworks/Ubiquity.framework/Versions/A/Ubiquity
0x00000000022c6000 	/System/Library/PrivateFrameworks/IconServices.framework/Versions/A/IconServices
0x00000000022c6000 	/System/Library/PrivateFrameworks/ChunkingLibrary.framework/Versions/A/ChunkingLibrary
0x00000000022c6000 	/System/Library/PrivateFrameworks/CoreSymbolication.framework/Versions/A/CoreSymbolication
0x00000000022c6000 	/System/Library/PrivateFrameworks/Symbolication.framework/Versions/A/Symbolication
0x00000000022c6000 	/System/Library/PrivateFrameworks/DebugSymbols.framework/Versions/A/DebugSymbols
0x000000010d555000 	/System/Library/CoreServices/Encodings/libSimplifiedChineseConverter.dylib
0x000000010e000000 	/Library/Java/JavaVirtualMachines/jdk1.8.0_40.jdk/Contents/Home/jre/lib/server/libjvm.dylib
0x00000000022c6000 	/usr/lib/libstdc++.6.dylib
0x000000010d734000 	/Library/Java/JavaVirtualMachines/jdk1.8.0_40.jdk/Contents/Home/jre/lib/libverify.dylib
0x000000010d742000 	/Library/Java/JavaVirtualMachines/jdk1.8.0_40.jdk/Contents/Home/jre/lib/libjava.dylib
0x000000010d778000 	/Library/Java/JavaVirtualMachines/jdk1.8.0_40.jdk/Contents/Home/jre/lib/libjdwp.dylib
0x000000010d7c3000 	/Library/Java/JavaVirtualMachines/jdk1.8.0_40.jdk/Contents/Home/jre/lib/libnpt.dylib
0x000000010d7d0000 	/Library/Java/JavaVirtualMachines/jdk1.8.0_40.jdk/Contents/Home/jre/lib/libzip.dylib
0x0000000124fc0000 	/System/Library/Frameworks/JavaVM.framework/Frameworks/JavaRuntimeSupport.framework/JavaRuntimeSupport
0x0000000124fd8000 	/System/Library/Frameworks/JavaVM.framework/Versions/A/Frameworks/JavaNativeFoundation.framework/Versions/A/JavaNativeFoundation
0x0000000124fed000 	/System/Library/Frameworks/JavaVM.framework/Versions/A/JavaVM
0x00000000022c6000 	/System/Library/Frameworks/Carbon.framework/Versions/A/Carbon
0x0000000124ffa000 	/System/Library/PrivateFrameworks/JavaLaunching.framework/Versions/A/JavaLaunching
0x00000000022c6000 	/System/Library/Frameworks/Carbon.framework/Versions/A/Frameworks/CommonPanels.framework/Versions/A/CommonPanels
0x00000000022c6000 	/System/Library/Frameworks/Carbon.framework/Versions/A/Frameworks/Help.framework/Versions/A/Help
0x00000000022c6000 	/System/Library/Frameworks/Carbon.framework/Versions/A/Frameworks/ImageCapture.framework/Versions/A/ImageCapture
0x00000000022c6000 	/System/Library/Frameworks/Carbon.framework/Versions/A/Frameworks/OpenScripting.framework/Versions/A/OpenScripting
0x00000000022c6000 	/System/Library/Frameworks/Carbon.framework/Versions/A/Frameworks/Print.framework/Versions/A/Print
0x00000000022c6000 	/System/Library/Frameworks/Carbon.framework/Versions/A/Frameworks/SecurityHI.framework/Versions/A/SecurityHI
0x0000000125292000 	/Library/Java/JavaVirtualMachines/jdk1.8.0_40.jdk/Contents/Home/jre/lib/libdt_socket.dylib
0x0000000125c24000 	/Library/Java/JavaVirtualMachines/jdk1.8.0_40.jdk/Contents/Home/jre/lib/libnet.dylib

VM Arguments:
jvm_args: -agentlib:jdwp=transport=dt_socket,address=127.0.0.1:61577,suspend=y,server=n -Dfile.encoding=UTF-8 
java_command: finalcode.Test
java_class_path (initial): /Library/Java/JavaVirtualMachines/jdk1.8.0_40.jdk/Contents/Home/lib/ant-javafx.jar:/Library/Java/JavaVirtualMachines/jdk1.8.0_40.jdk/Contents/Home/lib/dt.jar:/Library/Java/JavaVirtualMachines/jdk1.8.0_40.jdk/Contents/Home/lib/javafx-mx.jar:/Library/Java/JavaVirtualMachines/jdk1.8.0_40.jdk/Contents/Home/lib/jconsole.jar:/Library/Java/JavaVirtualMachines/jdk1.8.0_40.jdk/Contents/Home/lib/packager.jar:/Library/Java/JavaVirtualMachines/jdk1.8.0_40.jdk/Contents/Home/lib/sa-jdi.jar:/Library/Java/JavaVirtualMachines/jdk1.8.0_40.jdk/Contents/Home/lib/tools.jar:/Library/Java/JavaVirtualMachines/jdk1.8.0_40.jdk/Contents/Home/jre/lib/charsets.jar:/Library/Java/JavaVirtualMachines/jdk1.8.0_40.jdk/Contents/Home/jre/lib/deploy.jar:/Library/Java/JavaVirtualMachines/jdk1.8.0_40.jdk/Contents/Home/jre/lib/javaws.jar:/Library/Java/JavaVirtualMachines/jdk1.8.0_40.jdk/Contents/Home/jre/lib/jce.jar:/Library/Java/JavaVirtualMachines/jdk1.8.0_40.jdk/Contents/Home/jre/lib/jfr.jar:/Library/Java/JavaVirtualMachines/jdk1.8.0_40.jdk/Contents/Home/jre/lib/jfxswt.jar:/Library/Java/JavaVirtualMachines/jdk1.8.0_40.jdk/Contents/Home/jre/lib/jsse.jar:/Library/Java/JavaVirtualMachines/jdk1.8.0_40.jdk/Contents/Home/jre/lib/management-agent.jar:/Library/Java/JavaVirtualMachines/jdk1.8.0_40.jdk/Contents/Home/jre/lib/plugin.jar:/Library/Java/JavaVirtualMachines/jdk1.8.0_40.jdk/Contents/Home/jre/lib/resources.jar:/Library/Java/JavaVirtualMachines/jdk1.8.0_40.jdk/Contents/Home/jre/lib/rt.jar:/Library/Java/JavaVirtualMachines/jdk1.8.0_40.jdk/Contents/Home/jre/lib/ext/cldrdata.jar:/Library/Java/JavaVirtualMachines/jdk1.8.0_40.jdk/Contents/Home/jre/lib/ext/dnsns.jar:/Library/Java/JavaVirtualMachines/jdk1.8.0_40.jdk/Contents/Home/jre/lib/ext/jfxrt.jar:/Library/Java/JavaVirtualMachines/jdk1.8.0_40.jdk/Contents/Home/jre/lib/ext/localedata.jar:/Library/Java/JavaVirtualMachines/jdk1.8.0_40.jdk/Contents/Home/jre/lib/ext/nashorn.jar:/Library/Java/JavaVirtualMachines/jdk1.8.0_40.jdk/Conten
Launcher Type: SUN_STANDARD

Environment Variables:
JAVA_HOME=/Library/Java/JavaVirtualMachines/jdk1.8.0_40.jdk/Contents/Home
PATH=/Users/peng_chao/bin:/usr/local/bin:/usr/bin:/bin:/usr/sbin:/sbin:/usr/local/bin:/opt/X11/bin:/Users/peng_chao/Documents/activator-1.3.5:/Users/peng_chao/Library/Android/sdk/platform-tools
SHELL=/bin/zsh
DISPLAY=/tmp/launch-giVbaw/org.macosforge.xquartz:0

Signal Handlers:
SIGSEGV: [libjvm.dylib+0x58ef95], sa_mask[0]=11111111011111110111111111111111, sa_flags=SA_ONSTACK|SA_RESTART|SA_SIGINFO
SIGBUS: [libjvm.dylib+0x58ef95], sa_mask[0]=11111111011111110111111111111111, sa_flags=SA_RESTART|SA_SIGINFO
SIGFPE: [libjvm.dylib+0x46c118], sa_mask[0]=11111111011111110111111111111111, sa_flags=SA_RESTART|SA_SIGINFO
SIGPIPE: [libjvm.dylib+0x46c118], sa_mask[0]=11111111011111110111111111111111, sa_flags=SA_RESTART|SA_SIGINFO
SIGXFSZ: [libjvm.dylib+0x46c118], sa_mask[0]=11111111011111110111111111111111, sa_flags=SA_RESTART|SA_SIGINFO
SIGILL: [libjvm.dylib+0x46c118], sa_mask[0]=11111111011111110111111111111111, sa_flags=SA_RESTART|SA_SIGINFO
SIGUSR1: SIG_DFL, sa_mask[0]=00000000000000000000000000000000, sa_flags=SA_RESTART
SIGUSR2: [libjvm.dylib+0x46bc36], sa_mask[0]=00100000000000000000000000000000, sa_flags=SA_RESTART|SA_SIGINFO
SIGHUP: [libjvm.dylib+0x46a209], sa_mask[0]=11111111011111110111111111111111, sa_flags=SA_RESTART|SA_SIGINFO
SIGINT: [libjvm.dylib+0x46a209], sa_mask[0]=11111111011111110111111111111111, sa_flags=SA_RESTART|SA_SIGINFO
SIGTERM: [libjvm.dylib+0x46a209], sa_mask[0]=11111111011111110111111111111111, sa_flags=SA_RESTART|SA_SIGINFO
SIGQUIT: [libjvm.dylib+0x46a209], sa_mask[0]=11111111011111110111111111111111, sa_flags=SA_RESTART|SA_SIGINFO


---------------  S Y S T E M  ---------------

OS:Bsduname:Darwin 13.4.0 Darwin Kernel Version 13.4.0: Wed Mar 18 16:20:14 PDT 2015; root:xnu-2422.115.14~1/RELEASE_X86_64 x86_64
rlimit: STACK 8192k, CORE 0k, NPROC 709, NOFILE 10240, AS infinity
load average:2.44 2.35 2.19

CPU:total 4 (2 cores per cpu, 2 threads per core) family 6 model 69 stepping 1, cmov, cx8, fxsr, mmx, sse, sse2, sse3, ssse3, sse4.1, sse4.2, popcnt, avx, avx2, aes, clmul, erms, lzcnt, ht, tsc, tscinvbit, bmi1, bmi2

Memory: 4k page, physical 8388608k(1236944k free)

/proc/meminfo:


vm_info: Java HotSpot(TM) 64-Bit Server VM (25.40-b25) for bsd-amd64 JRE (1.8.0_40-b27), built on Mar 13 2015 04:46:52 by "java_re" with gcc 4.2.1 (Based on Apple Inc. build 5658) (LLVM build 2336.11.00)

time: Sun Aug 30 12:08:11 2015
elapsed time: 352 seconds (0d 0h 5m 52s)

